<?xml version="1.0" encoding="UTF-8"?>
<!-- Generated by org.testng.reporters.JUnitReportReporter -->
<testsuite hostname="LAPTOP-BPFVO88G" failures="0" tests="2" name="fffff._001" time="48.945" errors="0" timestamp="2022-04-17T18:37:18 IST" skipped="0">
  <testcase classname="fffff._001" name="mobile_click" time="16.104"/>
  <system-out/>
  <testcase classname="fffff._001" name="mobile_select" time="32.841"/>
  <system-out/>
</testsuite> <!-- fffff._001 -->
